  autofit.c
  bdf.c
  cff.c
  ftbase.c
  ftbitmap.c
  ftcache.c
  ftfstype.c
  ftgasp.c
  ftglyph.c
  ftgzip.c
  ftinit.c
  ftlzw.c
  ftstroke.c
  ftsystem.c
  smooth.c
  ftbbox.c
  ftmm.c
  ftpfr.c
  ftsynth.c
  fttype1.c
  ftwinfnt.c
  ftxf86.c
  ftlcdfil.c
d:\cata\cv_all\freetype2\src\smooth\ftsmooth.c(396): warning C4701: potentially uninitialized local variable 'bitmap' used
d:\cata\cv_all\freetype2\src\smooth\ftsmooth.c(396): warning C4703: potentially uninitialized local pointer variable 'bitmap' used
d:\cata\cv_all\freetype2\src\smooth\ftsmooth.c(396): warning C4701: potentially uninitialized local variable 'memory' used
d:\cata\cv_all\freetype2\src\smooth\ftsmooth.c(396): warning C4703: potentially uninitialized local pointer variable 'memory' used
d:\cata\cv_all\freetype2\src\smooth\ftsmooth.c(391): warning C4701: potentially uninitialized local variable 'x_shift' used
d:\cata\cv_all\freetype2\src\smooth\ftsmooth.c(391): warning C4701: potentially uninitialized local variable 'y_shift' used
  ftgxval.c
  ftotval.c
  ftpatent.c
  pcf.c
  pfr.c
  psaux.c
  pshinter.c
  psmodule.c
  raster.c
  sfnt.c
  truetype.c
  type1.c
  type1cid.c
  type42.c
  winfnt.c
d:\cata\cv_all\freetype2\src\type1\t1load.c(323): warning C4245: '=' : conversion from 'int' to 'FT_UInt', signed/unsigned mismatch (..\..\..\src\type1\type1.c)
d:\cata\cv_all\freetype2\src\type1\t1load.c(336): warning C4245: '=' : conversion from 'int' to 'FT_UInt', signed/unsigned mismatch (..\..\..\src\type1\type1.c)
d:\cata\cv_all\freetype2\src\type1\t1load.c(337): warning C4245: '=' : conversion from 'int' to 'FT_ULong', signed/unsigned mismatch (..\..\..\src\type1\type1.c)
d:\cata\cv_all\freetype2\src\truetype\ttgxvar.c(706): warning C4245: '=' : conversion from 'int' to 'FT_UInt', signed/unsigned mismatch (..\..\..\src\truetype\truetype.c)
  ftdebug.c
  freetype.vcxproj -> d:\Cata\cv_all\freetype2\builds\win32\vc2010\.\..\..\..\objs\win32\vc2010\freetype2411ST_D.lib
